<?xml version="1.0" encoding="UTF-8"?>
<!-- Generated by org.testng.reporters.JUnitXMLReporter -->
<testsuite hostname="DESKTOP-1K4B853" ignored="6" name="Test" tests="12" failures="0" timestamp="2022-08-20T17:42:54 IST" time="0.098" errors="0">
  <testcase name="it1" time="0.016" classname="testNGPack.Flag6"/>
  <testcase name="it2" time="0.0" classname="testNGPack.Flag6"/>
  <testcase name="it3" time="0.0" classname="testNGPack.Flag6"/>
  <testcase name="it4" time="0.0" classname="testNGPack.Flag6"/>
  <testcase name="it5" time="0.0" classname="testNGPack.Flag6"/>
  <testcase name="it6" time="0.016" classname="testNGPack.Flag6"/>
  <testcase name="st1" time="0.0" classname="testNGPack.Flag6"/>
  <testcase name="st2" time="0.0" classname="testNGPack.Flag6"/>
  <testcase name="st3" time="0.0" classname="testNGPack.Flag6"/>
  <testcase name="st4" time="0.015" classname="testNGPack.Flag6"/>
  <testcase name="st5" time="0.0" classname="testNGPack.Flag6"/>
  <testcase name="st6" time="0.0" classname="testNGPack.Flag6"/>
  <testcase name="ft4" time="0.0" classname="testNGPack.Flag6">
    <ignored/>
  </testcase> <!-- ft4 -->
  <testcase name="ft3" time="0.0" classname="testNGPack.Flag6">
    <ignored/>
  </testcase> <!-- ft3 -->
  <testcase name="ft6" time="0.0" classname="testNGPack.Flag6">
    <ignored/>
  </testcase> <!-- ft6 -->
  <testcase name="ft5" time="0.0" classname="testNGPack.Flag6">
    <ignored/>
  </testcase> <!-- ft5 -->
  <testcase name="ft2" time="0.0" classname="testNGPack.Flag6">
    <ignored/>
  </testcase> <!-- ft2 -->
  <testcase name="ft1" time="0.0" classname="testNGPack.Flag6">
    <ignored/>
  </testcase> <!-- ft1 -->
</testsuite> <!-- Test -->
